<?xml version="1.0" encoding="UTF-8"?>
<!-- Generated by org.testng.reporters.JUnitReportReporter -->
<testsuite skipped="0" hostname="IN00119" name="com.automation.testCases.TC_LoginDDT_002" tests="1" failures="0" timestamp="24 Apr 2019 06:20:47 GMT" time="4.190" errors="0">
  <testcase name="login" time="4.190" classname="com.automation.testCases.TC_LoginDDT_002"/>
</testsuite> <!-- com.automation.testCases.TC_LoginDDT_002 -->
